<?xml version="1.0" encoding="UTF-8"?>
<coverage generated="1650729017103" clover="3.2.0">
  <project timestamp="1650729017103" name="All files">
    <metrics statements="10" coveredstatements="7" conditionals="1" coveredconditionals="1" methods="4" coveredmethods="4" elements="15" coveredelements="12" complexity="0" loc="10" ncloc="10" packages="1" files="1" classes="1"/>
    <file name="freqProdImgCarousel.js" path="C:\Users\justi\Documents\RelatedProducts\Related Products\force-app\main\default\lwc\freqProdImgCarousel\freqProdImgCarousel.js">
      <metrics statements="10" coveredstatements="7" conditionals="1" coveredconditionals="1" methods="4" coveredmethods="4"/>
      <line num="5" count="5" type="stmt"/>
      <line num="11" count="1" type="cond" truecount="1" falsecount="0"/>
      <line num="12" count="1" type="stmt"/>
      <line num="13" count="1" type="stmt"/>
      <line num="15" count="1" type="stmt"/>
      <line num="16" count="1" type="stmt"/>
      <line num="17" count="0" type="stmt"/>
      <line num="25" count="0" type="stmt"/>
      <line num="30" count="0" type="stmt"/>
      <line num="33" count="1" type="stmt"/>
    </file>
  </project>
</coverage>
