{"C:\\Users\\justi\\Documents\\RelatedProducts\\Related Products\\force-app\\main\\default\\lwc\\freqProdImgCarousel\\freqProdImgCarousel.js": {"path":"C:\\Users\\justi\\Documents\\RelatedProducts\\Related Products\\force-app\\main\\default\\lwc\\freqProdImgCarousel\\freqProdImgCarousel.js","statementMap":{"0":{"start":{"line":5,"column":66},"end":{"line":5,"column":null}},"1":{"start":{"line":11,"column":4},"end":{"line":35,"column":null}},"2":{"start":{"line":12,"column":6},"end":{"line":12,"column":11}},"3":{"start":{"line":13,"column":6},"end":{"line":13,"column":25}},"4":{"start":{"line":15,"column":24},"end":{"line":15,"column":null}},"5":{"start":{"line":16,"column":10},"end":{"line":29,"column":null}},"6":{"start":{"line":16,"column":23},"end":{"line":16,"column":26}},"7":{"start":{"line":17,"column":12},"end":{"line":17,"column":19}},"8":{"start":{"line":25,"column":12},"end":{"line":25,"column":19}},"9":{"start":{"line":30,"column":10},"end":{"line":30,"column":15}},"10":{"start":{"line":33,"column":10},"end":{"line":33,"column":15}},"11":{"start":{"line":5,"column":0},"end":{"line":5,"column":15}}},"fnMap":{"0":{"name":"(anonymous_8)","decl":{"start":{"line":5,"column":66},"end":{"line":5,"column":null}},"loc":{"start":{"line":5,"column":66},"end":{"line":5,"column":null}}},"1":{"name":"(anonymous_9)","decl":{"start":{"line":10,"column":2},"end":{"line":10,"column":18}},"loc":{"start":{"line":10,"column":21},"end":{"line":36,"column":null}}},"2":{"name":"(anonymous_10)","decl":{"start":{"line":14,"column":15},"end":{"line":14,"column":26}},"loc":{"start":{"line":14,"column":26},"end":{"line":13,"column":25}}},"3":{"name":"(anonymous_11)","decl":{"start":{"line":32,"column":16},"end":{"line":32,"column":26}},"loc":{"start":{"line":32,"column":26},"end":{"line":13,"column":25}}}},"branchMap":{"0":{"loc":{"start":{"line":11,"column":4},"end":{"line":35,"column":null}},"type":"if","locations":[{"start":{"line":11,"column":4},"end":{"line":35,"column":null}}]}},"s":{"0":5,"1":1,"2":1,"3":1,"4":1,"5":1,"6":1,"7":0,"8":0,"9":0,"10":1,"11":1},"f":{"0":1,"1":1,"2":1,"3":1},"b":{"0":[1]}}
}
